

***********************************************************************
Fatal NI connect error 12545, connecting to:
 (DESCRIPTION=(ADDRESS=(PROTOCOL=TCP)(HOST=ydsubversion.gicp.net)(PORT=1521))(CONNECT_DATA=(SERVER=DEDICATED)(SERVICE_NAME=orcl)(CID=(PROGRAM=d:\YDVault\Code\Debug\bin\YdConfig.exe)(HOST=WYMNOTEBOOK)(USER=wy))))

  VERSION INFORMATION:
	TNS for 32-bit Windows: Version 10.1.0.2.0 - Production
	Windows NT TCP/IP NT Protocol Adapter for 32-bit Windows: Version 10.1.0.2.0 - Production
  Time: 16-6ÔÂ -2010 16:59:28
  Tracing not turned on.
  Tns error struct:
    ns main err code: 12545
    TNS-12545: Connect failed because target host or object does not exist
    ns secondary err code: 12560
    nt main err code: 515
    TNS-00515: Connect failed because target host or object does not exist
    nt secondary err code: 1004
    nt OS err code: 0


***********************************************************************
Fatal NI connect error 12637, connecting to:
 (DESCRIPTION=(ADDRESS=(PROTOCOL=TCP)(HOST=ydsubversion.gicp.net)(PORT=1521))(CONNECT_DATA=(SERVER=DEDICATED)(SERVICE_NAME=orcl)(CID=(PROGRAM=d:\YDVault\Code\Debug\bin\YdConfig.exe)(HOST=WYMNOTEBOOK)(USER=wy))))

  VERSION INFORMATION:
	TNS for 32-bit Windows: Version 10.1.0.2.0 - Production
	Windows NT TCP/IP NT Protocol Adapter for 32-bit Windows: Version 10.1.0.2.0 - Production
  Time: 16-6ÔÂ -2010 18:06:50
  Tracing not turned on.
  Tns error struct:
    ns main err code: 12637
    TNS-12637: Packet receive failed
    ns secondary err code: 12547
    nt main err code: 0
    nt secondary err code: 0
    nt OS err code: 0
